Apple 1 1-1 200
Apple 1 1-2 200
Apple 1 1-3 200
Apple 1 1-4 200
Banana 1 2-1 150
Banana 1 2-2 150
Banana 1 2-3 150
Banana 1 2-4 150
Cherry 2 1-1 100
Cherry 2 1-2 100
Cherry 2 1-3 100
Donut 2 2-1 200
Donut 2 2-2 200
Donut 2 2-3 200
Donut 2 2-4 200
Egg 2 2-1 100
Egg 2 2-2 100
Egg 2 2-3 100
Egg 2 2-4 100
Fish 2 1-1 150
Fish 2 1-2 150
We don't want to sell you.
Honey 2 1-3 150
Honey 2 1-4 150
Honey 2 2-1 150
Honey 2 2-2 150
Honey 2 2-3 150
Ice 1 1-1 200
Juice 1 1-2 100
Juice 1 1-3 100
Juice 1 1-4 100
Total Money: 4450
