Alice 1 1-1 10
Alice 1 2-1 10
Alice 1 3-1 10
Alice 2 1-1 10
Alice 2 2-1 10
Betty 2 3-1 50
Betty 2 3-2 50
Betty 2 3-3 50
Chloe 1 1-1 60
Chloe 1 2-1 60
Chloe 1 3-1 60
Chloe 2 1-1 60
Diane 1 1-2 80
Diane 1 1-3 80
Diane 1 2-2 80
Diane 1 2-3 80
Diane 1 3-2 80
Diane 1 3-3 80
Diane 2 1-2 80
Diane 2 1-3 80
Diane 2 2-2 80
Diane 2 2-3 80
Emily 2 2-1 25
Emily 2 2-2 25
Emily 2 2-3 25
Flora 3 1-1 65
Flora 3 2-1 65
Grace 3 3-1 70
Grace 3 3-2 70
Grace 3 3-3 70
Henry 1 1-1 35
Henry 1 1-2 35
Henry 1 1-3 35
We don't want to sell you.
Janet 1 1-1 65
Janet 1 2-1 65
Janet 1 3-1 65
Janet 2 1-1 65
Janet 2 2-1 65
Janet 3 1-2 65
Janet 3 1-3 65
Janet 3 2-2 65
Katie 3 1-2 65
Katie 3 1-3 65
Laura 3 3-1 30
Laura 3 3-2 30
Laura 3 3-3 30
Maggie 1 1-2 15
Maggie 1 2-2 15
Maggie 1 3-2 15
Maggie 2 1-2 15
Maggie 2 1-3 15
Maggie 2 3-1 15
Maggie 2 3-2 15
We don't want to sell you.
Olivia 3 2-1 70
Olivia 3 2-2 70
Olivia 3 2-3 70
Total Money: 2815
